Build started 12/6/2014 11:41:38 AM.
     1>Project "C:\google_drive\School\17c\project\project.vcxproj" on node 2 (Build target(s)).
     1>ClCompile:
         C:\Program Files (x86)\Microsoft Visual Studio 12.0\VC\bin\CL.exe /c /Zi /nologo /W3 /WX- /O2 /Oi /Oy- /GL /D WIN32 /D NDEBUG /D _CONSOLE /D _LIB /D _USING_V110_SDK71_ /D _UNICODE /D UNICODE /Gm- /EHsc /MD /GS /Gy /fp:precise /Zc:wchar_t /Zc:forScope /Fo"Release\\" /Fd"Release\vc120.pdb" /Gd /TP /analyze- /errorReport:prompt Ability.cpp Item.cpp main.cpp Player.cpp Wearable.cpp
         Ability.cpp
         Item.cpp
         main.cpp
         Player.cpp
         Wearable.cpp
       Link:
         C:\Program Files (x86)\Microsoft Visual Studio 12.0\VC\bin\link.exe /ERRORREPORT:PROMPT /OUT:"C:\google_drive\School\17c\project\Release\project.exe" /INCREMENTAL:NO /NOLOGO kernel32.lib user32.lib gdi32.lib winspool.lib comdlg32.lib advapi32.lib shell32.lib ole32.lib oleaut32.lib uuid.lib odbc32.lib odbccp32.lib /MANIFEST /MANIFESTUAC:"level='asInvoker' uiAccess='false'" /manifest:embed /DEBUG /PDB:"C:\google_drive\School\17c\project\Release\project.pdb" /SUBSYSTEM:CONSOLE,"5.01" /OPT:REF /OPT:ICF /LTCG /TLBID:1 /DYNAMICBASE /NXCOMPAT /IMPLIB:"C:\google_drive\School\17c\project\Release\project.lib" /MACHINE:X86 /SAFESEH Release\Ability.obj
         Release\Item.obj
         Release\main.obj
         Release\Player.obj
         Release\Wearable.obj
         Generating code
         Finished generating code
         project.vcxproj -> C:\google_drive\School\17c\project\Release\project.exe
     1>Done Building Project "C:\google_drive\School\17c\project\project.vcxproj" (Build target(s)).

Build succeeded.

Time Elapsed 00:00:01.16
